<?xml version="1.0" encoding="UTF-8"?>
<!-- Generated by org.testng.reporters.JUnitXMLReporter -->
<testsuite hostname="DESKTOP-DC5R40U" ignored="2" name="Surefire test" tests="4" failures="0" timestamp="2021-03-15T20:05:29 EDT" time="1.969" errors="0">
  <testcase name="signUpTTech" time="1.686" classname="TalentTek.TTechPostGetTest"/>
  <testcase name="getStudentInfo" time="0.071" classname="TalentTek.TTechPostGetTest"/>
  <testcase name="studentLogin" time="0.13" classname="TalentTek.TTechPutPatchTest"/>
  <testcase name="studentPutTTech" time="0.065" classname="TalentTek.TTechPutPatchTest"/>
  <testcase name="@BeforeSuite setCache" time="0.0" classname="resources.commonUtility.BaseTest">
    <ignored/>
  </testcase> <!-- @BeforeSuite setCache -->
  <testcase name="@BeforeSuite setCache" time="0.0" classname="resources.commonUtility.BaseTest">
    <ignored/>
  </testcase> <!-- @BeforeSuite setCache -->
</testsuite> <!-- Surefire test -->
