<?xml version="1.0" encoding="UTF-8"?>
<!-- Generated by org.testng.reporters.JUnitXMLReporter -->
<testsuite hostname="DESKTOP-DC5R40U" ignored="2" name="Surefire test" tests="4" failures="0" timestamp="2021-03-14T19:20:50 EDT" time="2.047" errors="0">
  <testcase name="signUpTTech" time="1.756" classname="TalentTek.TTechPostGetTest"/>
  <testcase name="getStudentInfo" time="0.097" classname="TalentTek.TTechPostGetTest"/>
  <testcase name="studentLogin" time="0.103" classname="TalentTek.TTechPutPatchTest"/>
  <testcase name="studentPutTTech" time="0.076" classname="TalentTek.TTechPutPatchTest"/>
  <testcase name="@BeforeSuite setCache" time="0.0" classname="resources.commonUtility.BaseTest">
    <ignored/>
  </testcase> <!-- @BeforeSuite setCache -->
  <testcase name="@BeforeSuite setCache" time="0.0" classname="resources.commonUtility.BaseTest">
    <ignored/>
  </testcase> <!-- @BeforeSuite setCache -->
</testsuite> <!-- Surefire test -->
