<?xml version="1.0" encoding="UTF-8"?>
<!-- Generated by org.testng.reporters.JUnitXMLReporter -->
<testsuite hostname="DESKTOP-DC5R40U" ignored="4" name="Command line test" tests="8" failures="2" timestamp="2021-07-24T21:27:06 EDT" time="1.999" errors="0">
  <testcase name="studentDeleteTest" time="0.298" classname="TalentTek.TTechDeleteGetTest">
    <failure type="java.lang.NullPointerException">
      <![CDATA[java.lang.NullPointerException
at TalentTek.TTechDeleteGetTest.studentDeleteTest(TTechDeleteGetTest.java:22)
at java.util.ArrayList.forEach(ArrayList.java:1259)
... Removed 37 stack frames]]>
    </failure>
  </testcase> <!-- studentDeleteTest -->
  <testcase name="studentDeleteVerify" time="0.0" classname="TalentTek.TTechDeleteGetTest">
    <skipped/>
  </testcase> <!-- studentDeleteVerify -->
  <testcase name="patchTTechTest" time="0.001" classname="TalentTek.TTechPatchGetTest">
    <failure type="java.lang.NullPointerException">
      <![CDATA[java.lang.NullPointerException
at TalentTek.TTechPatchGetTest.patchTTechTest(TTechPatchGetTest.java:24)
at java.util.ArrayList.forEach(ArrayList.java:1259)
... Removed 37 stack frames]]>
    </failure>
  </testcase> <!-- patchTTechTest -->
  <testcase name="studentLoginWithUpdatedPassword" time="0.0" classname="TalentTek.TTechPatchGetTest">
    <skipped/>
  </testcase> <!-- studentLoginWithUpdatedPassword -->
  <testcase name="signUpTTech" time="1.403" classname="TalentTek.TTechPostGetTest"/>
  <testcase name="getStudentInfo" time="0.079" classname="TalentTek.TTechPostGetTest"/>
  <testcase name="studentLogin" time="0.116" classname="TalentTek.TTechPutPatchTest"/>
  <testcase name="studentPutTTech" time="0.083" classname="TalentTek.TTechPutPatchTest"/>
  <testcase name="@BeforeSuite setCache" time="0.0" classname="resources.commonUtility.BaseTest">
    <ignored/>
  </testcase> <!-- @BeforeSuite setCache -->
  <testcase name="@BeforeSuite setCache" time="0.0" classname="resources.commonUtility.BaseTest">
    <ignored/>
  </testcase> <!-- @BeforeSuite setCache -->
  <testcase name="@BeforeSuite setCache" time="0.0" classname="resources.commonUtility.BaseTest">
    <ignored/>
  </testcase> <!-- @BeforeSuite setCache -->
  <testcase name="@BeforeSuite setCache" time="0.0" classname="resources.commonUtility.BaseTest">
    <ignored/>
  </testcase> <!-- @BeforeSuite setCache -->
</testsuite> <!-- Command line test -->
