<?xml version="1.0" encoding="UTF-8"?>
<!-- Generated by org.testng.reporters.JUnitXMLReporter -->
<testsuite hostname="DESKTOP-DC5R40U" ignored="2" name="Command line test" tests="4" failures="1" timestamp="2021-03-15T20:25:42 EDT" time="1.921" errors="0">
  <testcase name="signUpTTech" time="1.658" classname="TalentTek.TTechPostGetTest"/>
  <testcase name="getStudentInfo" time="0.072" classname="TalentTek.TTechPostGetTest"/>
  <testcase name="studentLogin" time="0.098" classname="TalentTek.TTechPutPatchTest"/>
  <testcase name="studentPutTTech" time="0.072" classname="TalentTek.TTechPutPatchTest">
    <failure type="java.lang.AssertionError" message="expected [2001] but found [200]">
      <![CDATA[java.lang.AssertionError: expected [2001] but found [200]
at TalentTek.TTechPutPatchTest.studentPutTTech(TTechPutPatchTest.java:26)
at java.util.ArrayList.forEach(ArrayList.java:1259)
... Removed 43 stack frames]]>
    </failure>
  </testcase> <!-- studentPutTTech -->
  <testcase name="@BeforeSuite setCache" time="0.0" classname="resources.commonUtility.BaseTest">
    <ignored/>
  </testcase> <!-- @BeforeSuite setCache -->
  <testcase name="@BeforeSuite setCache" time="0.0" classname="resources.commonUtility.BaseTest">
    <ignored/>
  </testcase> <!-- @BeforeSuite setCache -->
</testsuite> <!-- Command line test -->
