<?xml version="1.0" encoding="UTF-8"?>
<!-- Generated by org.testng.reporters.JUnitXMLReporter -->
<testsuite hostname="DESKTOP-DC5R40U" ignored="2" name="TalentTech API Test" tests="5" failures="0" timestamp="2021-03-21T14:38:14 EDT" time="2.05" errors="0">
  <testcase name="signUpTTech" time="1.654" classname="TalentTek.TTechPostGetTest"/>
  <testcase name="getStudentInfo" time="0.068" classname="TalentTek.TTechPostGetTest"/>
  <testcase name="studentLogin" time="0.102" classname="TalentTek.TTechPutPatchTest"/>
  <testcase name="studentPutTTech" time="0.061" classname="TalentTek.TTechPutPatchTest"/>
  <testcase name="patchTTechTest" time="0.146" classname="TalentTek.TTechPatchGetTest"/>
  <testcase name="@BeforeSuite setCache" time="0.0" classname="resources.commonUtility.BaseTest">
    <ignored/>
  </testcase> <!-- @BeforeSuite setCache -->
  <testcase name="@BeforeSuite setCache" time="0.0" classname="resources.commonUtility.BaseTest">
    <ignored/>
  </testcase> <!-- @BeforeSuite setCache -->
</testsuite> <!-- TalentTech API Test -->
