<?xml version="1.0" encoding="UTF-8"?>
<!-- Generated by org.testng.reporters.JUnitXMLReporter -->
<testsuite hostname="DESKTOP-DC5R40U" ignored="3" name="TalentTech API Test" tests="9" failures="1" timestamp="2021-11-04T19:52:41 EDT" time="2.3" errors="0">
  <testcase name="signUpTTech" time="1.6" classname="TalentTek.TTechPostGetTest"/>
  <testcase name="getStudentInfo" time="0.08" classname="TalentTek.TTechPostGetTest"/>
  <testcase name="studentLogin" time="0.109" classname="TalentTek.TTechPutPatchTest"/>
  <testcase name="studentPutTTech" time="0.071" classname="TalentTek.TTechPutPatchTest"/>
  <testcase name="patchTTechTest" time="0.15" classname="TalentTek.TTechPatchGetTest"/>
  <testcase name="studentLoginWithUpdatedPassword" time="0.118" classname="TalentTek.TTechPatchGetTest"/>
  <testcase name="studentDeleteTest" time="0.068" classname="TalentTek.TTechDeleteGetTest">
    <failure type="java.lang.AssertionError" message="expected [Data Deleted1] but found [Data Deleted]">
      <![CDATA[java.lang.AssertionError: expected [Data Deleted1] but found [Data Deleted]
at TalentTek.TTechDeleteGetTest.studentDeleteTest(TTechDeleteGetTest.java:26)
at java.util.ArrayList.forEach(ArrayList.java:1259)
... Removed 37 stack frames]]>
    </failure>
  </testcase> <!-- studentDeleteTest -->
  <testcase name="studentDeleteVerify" time="0.0" classname="TalentTek.TTechDeleteGetTest">
    <skipped/>
  </testcase> <!-- studentDeleteVerify -->
  <testcase name="allStudentsInfo" time="0.078" classname="TalentTek.TTechGetAllStudents"/>
  <testcase name="@BeforeSuite setCache" time="0.0" classname="resources.commonUtility.BaseTest">
    <ignored/>
  </testcase> <!-- @BeforeSuite setCache -->
  <testcase name="@BeforeSuite setCache" time="0.0" classname="resources.commonUtility.BaseTest">
    <ignored/>
  </testcase> <!-- @BeforeSuite setCache -->
  <testcase name="@BeforeSuite setCache" time="0.0" classname="resources.commonUtility.BaseTest">
    <ignored/>
  </testcase> <!-- @BeforeSuite setCache -->
</testsuite> <!-- TalentTech API Test -->
