<?xml version="1.0" encoding="UTF-8"?>
<testsuite xmlns:xsi="http://www.w3.org/2001/XMLSchema-instance" xsi:noNamespaceSchemaLocation="https://maven.apache.org/surefire/maven-surefire-plugin/xsd/surefire-test-report-3.0.xsd" version="3.0" name="TestSuite" time="2.777" tests="5" errors="0" skipped="0" failures="0">
  <properties>
[...]
</properties>
  <testcase name="signUpTTech" classname="TalentTek.TTechPostGetTest" time="1.656"/>
  <testcase name="getStudentInfo" classname="TalentTek.TTechPostGetTest" time="0.071"/>
  <testcase name="studentLogin" classname="TalentTek.TTechPutPatchTest" time="0.112"/>
  <testcase name="studentPutTTech" classname="TalentTek.TTechPutPatchTest" time="0.05"/>
  <testcase name="patchTTechTest" classname="TalentTek.TTechPatchGetTest" time="0.146"/>
</testsuite>